2025-04-18 13:08:12,673 INFO: CoffeeCom startup [in C:\Users\LENOVO\Desktop\coffeecom-backend\app\__init__.py:72]
2025-04-18 13:08:13,206 INFO: Request to / took 0.00s [in C:\Users\LENOVO\Desktop\coffeecom-backend\app\__init__.py:89]
2025-04-18 13:08:13,211 INFO: Request to /api/monitoring/health took 0.00s [in C:\Users\LENOVO\Desktop\coffeecom-backend\app\__init__.py:89]
2025-04-18 13:08:40,031 INFO: CoffeeCom startup [in C:\Users\LENOVO\Desktop\coffeecom-backend\app\__init__.py:72]
2025-04-18 13:08:41,589 INFO: CoffeeCom startup [in C:\Users\LENOVO\Desktop\coffeecom-backend\app\__init__.py:72]
2025-04-18 13:08:43,287 INFO: Request to / took 0.00s [in C:\Users\LENOVO\Desktop\coffeecom-backend\app\__init__.py:89]
2025-04-18 13:08:43,337 INFO: Request to /favicon.ico took 0.00s [in C:\Users\LENOVO\Desktop\coffeecom-backend\app\__init__.py:89]
2025-04-18 14:51:02,326 INFO: CoffeeCom startup [in C:\Users\LENOVO\Desktop\coffeecom-backend\app\__init__.py:84]
2025-04-18 14:51:03,916 INFO: CoffeeCom startup [in C:\Users\LENOVO\Desktop\coffeecom-backend\app\__init__.py:84]
2025-04-18 14:51:40,151 INFO: Request to / took 0.00s [in C:\Users\LENOVO\Desktop\coffeecom-backend\app\__init__.py:101]
2025-04-18 14:52:08,321 INFO: Request to /api/auth/register took 0.75s [in C:\Users\LENOVO\Desktop\coffeecom-backend\app\__init__.py:101]
2025-04-18 14:52:22,943 INFO: Request to /api/auth/login took 0.50s [in C:\Users\LENOVO\Desktop\coffeecom-backend\app\__init__.py:101]
2025-04-18 14:52:35,381 INFO: Request to /api/auth/profile took 0.00s [in C:\Users\LENOVO\Desktop\coffeecom-backend\app\__init__.py:101]
2025-04-18 14:52:55,599 INFO: Request to /api/auth/profile took 0.00s [in C:\Users\LENOVO\Desktop\coffeecom-backend\app\__init__.py:101]
2025-04-18 14:53:59,863 INFO: Request to /api/auth/profile took 0.00s [in C:\Users\LENOVO\Desktop\coffeecom-backend\app\__init__.py:101]
2025-04-18 14:54:43,991 INFO: Request to /api/auth/profile took 0.00s [in C:\Users\LENOVO\Desktop\coffeecom-backend\app\__init__.py:101]
2025-04-18 14:55:18,595 INFO: Request to /api/auth/login took 0.51s [in C:\Users\LENOVO\Desktop\coffeecom-backend\app\__init__.py:101]
2025-04-18 14:55:32,670 INFO: Request to /api/auth/profile took 0.00s [in C:\Users\LENOVO\Desktop\coffeecom-backend\app\__init__.py:101]
2025-04-18 14:57:17,596 INFO: Request to /api/auth/login took 0.08s [in C:\Users\LENOVO\Desktop\coffeecom-backend\app\__init__.py:101]
2025-04-18 14:57:45,479 INFO: CoffeeCom startup [in C:\Users\LENOVO\Desktop\coffeecom-backend\app\__init__.py:84]
2025-04-18 14:57:56,336 INFO: CoffeeCom startup [in C:\Users\LENOVO\Desktop\coffeecom-backend\app\__init__.py:84]
2025-04-18 14:58:18,043 INFO: Request to /api/auth/register took 0.65s [in C:\Users\LENOVO\Desktop\coffeecom-backend\app\__init__.py:101]
2025-04-18 14:58:20,595 INFO: Request to /api/auth/login took 0.49s [in C:\Users\LENOVO\Desktop\coffeecom-backend\app\__init__.py:101]
2025-04-18 14:58:22,638 INFO: Request to /api/auth/profile took 0.00s [in C:\Users\LENOVO\Desktop\coffeecom-backend\app\__init__.py:101]
2025-04-18 14:58:24,690 INFO: Request to /api/products/ took 0.01s [in C:\Users\LENOVO\Desktop\coffeecom-backend\app\__init__.py:101]
2025-04-18 14:58:42,189 INFO: CoffeeCom startup [in C:\Users\LENOVO\Desktop\coffeecom-backend\app\__init__.py:84]
2025-04-18 14:59:04,340 INFO: CoffeeCom startup [in C:\Users\LENOVO\Desktop\coffeecom-backend\app\__init__.py:84]
2025-04-18 14:59:05,762 INFO: CoffeeCom startup [in C:\Users\LENOVO\Desktop\coffeecom-backend\app\__init__.py:84]
2025-04-18 14:59:22,663 INFO: Request to /api/auth/register took 0.65s [in C:\Users\LENOVO\Desktop\coffeecom-backend\app\__init__.py:101]
2025-04-18 14:59:25,203 INFO: Request to /api/auth/login took 0.49s [in C:\Users\LENOVO\Desktop\coffeecom-backend\app\__init__.py:101]
2025-04-18 14:59:27,268 INFO: Request to /api/auth/profile took 0.00s [in C:\Users\LENOVO\Desktop\coffeecom-backend\app\__init__.py:101]
2025-04-18 14:59:29,308 INFO: Request to /api/products/ took 0.01s [in C:\Users\LENOVO\Desktop\coffeecom-backend\app\__init__.py:101]
2025-04-18 14:59:38,311 INFO: Request to /api/auth/login took 0.50s [in C:\Users\LENOVO\Desktop\coffeecom-backend\app\__init__.py:101]
2025-04-18 14:59:51,221 INFO: Request to /api/auth/profile took 0.00s [in C:\Users\LENOVO\Desktop\coffeecom-backend\app\__init__.py:101]
2025-04-18 14:59:57,794 INFO: Request to /api/auth/profile took 0.00s [in C:\Users\LENOVO\Desktop\coffeecom-backend\app\__init__.py:101]
2025-04-18 15:00:24,560 INFO: Request to /api/auth/profile took 0.02s [in C:\Users\LENOVO\Desktop\coffeecom-backend\app\__init__.py:101]
2025-04-18 15:00:47,296 INFO: Request to /api/auth/delete took 0.03s [in C:\Users\LENOVO\Desktop\coffeecom-backend\app\__init__.py:101]
2025-04-18 15:01:08,135 INFO: Request to /api/products/ took 0.00s [in C:\Users\LENOVO\Desktop\coffeecom-backend\app\__init__.py:101]
2025-04-18 15:01:17,590 INFO: Request to /api/products/ took 0.00s [in C:\Users\LENOVO\Desktop\coffeecom-backend\app\__init__.py:101]
2025-04-18 15:01:42,606 INFO: CoffeeCom startup [in C:\Users\LENOVO\Desktop\coffeecom-backend\app\__init__.py:84]
2025-04-18 15:01:57,244 INFO: CoffeeCom startup [in C:\Users\LENOVO\Desktop\coffeecom-backend\app\__init__.py:84]
2025-04-18 15:02:10,582 INFO: Request to /api/auth/register took 0.62s [in C:\Users\LENOVO\Desktop\coffeecom-backend\app\__init__.py:101]
2025-04-18 15:02:13,138 INFO: Request to /api/auth/login took 0.50s [in C:\Users\LENOVO\Desktop\coffeecom-backend\app\__init__.py:101]
2025-04-18 15:02:15,207 INFO: Request to /api/auth/profile took 0.00s [in C:\Users\LENOVO\Desktop\coffeecom-backend\app\__init__.py:101]
2025-04-18 15:02:17,271 INFO: Request to /api/products/ took 0.01s [in C:\Users\LENOVO\Desktop\coffeecom-backend\app\__init__.py:101]
2025-04-18 15:02:35,459 INFO: CoffeeCom startup [in C:\Users\LENOVO\Desktop\coffeecom-backend\app\__init__.py:84]
2025-04-18 15:02:47,610 INFO: Request to /api/auth/register took 0.77s [in C:\Users\LENOVO\Desktop\coffeecom-backend\app\__init__.py:101]
2025-04-18 15:02:50,152 INFO: Request to /api/auth/login took 0.51s [in C:\Users\LENOVO\Desktop\coffeecom-backend\app\__init__.py:101]
2025-04-18 15:02:52,194 INFO: Request to /api/auth/profile took 0.00s [in C:\Users\LENOVO\Desktop\coffeecom-backend\app\__init__.py:101]
2025-04-18 15:02:54,248 INFO: Request to /api/products/ took 0.01s [in C:\Users\LENOVO\Desktop\coffeecom-backend\app\__init__.py:101]
2025-04-18 15:03:10,042 INFO: CoffeeCom startup [in C:\Users\LENOVO\Desktop\coffeecom-backend\app\__init__.py:84]
2025-04-18 15:03:20,441 INFO: Request to /api/auth/register took 0.62s [in C:\Users\LENOVO\Desktop\coffeecom-backend\app\__init__.py:101]
2025-04-18 15:03:23,003 INFO: Request to /api/auth/login took 0.50s [in C:\Users\LENOVO\Desktop\coffeecom-backend\app\__init__.py:101]
2025-04-18 15:03:25,072 INFO: Request to /api/auth/profile took 0.00s [in C:\Users\LENOVO\Desktop\coffeecom-backend\app\__init__.py:101]
2025-04-18 15:03:27,112 INFO: Request to /api/products/ took 0.01s [in C:\Users\LENOVO\Desktop\coffeecom-backend\app\__init__.py:101]
2025-04-18 15:03:29,180 INFO: Request to /api/products/ took 0.02s [in C:\Users\LENOVO\Desktop\coffeecom-backend\app\__init__.py:101]
2025-04-18 15:03:52,282 INFO: Request to /api/products/ took 0.00s [in C:\Users\LENOVO\Desktop\coffeecom-backend\app\__init__.py:101]
2025-04-18 15:05:14,784 INFO: Request to /api/auth/register took 0.49s [in C:\Users\LENOVO\Desktop\coffeecom-backend\app\__init__.py:101]
2025-04-18 15:05:21,654 INFO: Request to /api/auth/login took 0.51s [in C:\Users\LENOVO\Desktop\coffeecom-backend\app\__init__.py:101]
2025-04-18 15:05:36,882 INFO: Request to /api/products/ took 0.00s [in C:\Users\LENOVO\Desktop\coffeecom-backend\app\__init__.py:101]
2025-04-18 15:06:32,206 INFO: Request to /api/auth/login took 0.50s [in C:\Users\LENOVO\Desktop\coffeecom-backend\app\__init__.py:101]
2025-04-18 15:06:41,172 INFO: Request to /api/auth/delete took 0.00s [in C:\Users\LENOVO\Desktop\coffeecom-backend\app\__init__.py:101]
2025-04-18 15:07:01,143 INFO: Request to /api/auth/delete took 0.03s [in C:\Users\LENOVO\Desktop\coffeecom-backend\app\__init__.py:101]
2025-04-18 15:11:07,024 INFO: CoffeeCom startup [in C:\Users\LENOVO\Desktop\coffeecom-backend\app\__init__.py:84]
2025-04-18 15:11:16,780 INFO: CoffeeCom startup [in C:\Users\LENOVO\Desktop\coffeecom-backend\app\__init__.py:84]
2025-04-18 15:12:52,048 INFO: CoffeeCom startup [in C:\Users\LENOVO\Desktop\coffeecom-backend\app\__init__.py:84]
2025-04-18 15:13:39,440 INFO: CoffeeCom startup [in C:\Users\LENOVO\Desktop\coffeecom-backend\app\__init__.py:84]
2025-04-18 15:14:06,316 INFO: CoffeeCom startup [in C:\Users\LENOVO\Desktop\coffeecom-backend\app\__init__.py:84]
2025-04-18 15:14:16,177 INFO: CoffeeCom startup [in C:\Users\LENOVO\Desktop\coffeecom-backend\app\__init__.py:84]
2025-04-18 15:14:17,687 INFO: CoffeeCom startup [in C:\Users\LENOVO\Desktop\coffeecom-backend\app\__init__.py:84]
2025-04-18 15:14:28,573 INFO: Request to / took 0.02s [in C:\Users\LENOVO\Desktop\coffeecom-backend\app\__init__.py:101]
2025-04-18 15:20:06,186 INFO: CoffeeCom startup [in C:\Users\LENOVO\Desktop\coffeecom-backend\app\__init__.py:89]
2025-04-18 16:53:04,100 INFO: CoffeeCom startup [in C:\Users\LENOVO\Desktop\coffeecom-backend\app\__init__.py:89]
2025-04-18 17:06:48,266 INFO: CoffeeCom startup [in C:\Users\LENOVO\Desktop\coffeecom-backend\app\__init__.py:90]
2025-04-18 17:23:40,901 INFO: CoffeeCom startup [in C:\Users\LENOVO\Desktop\coffeecom-backend\app\__init__.py:90]
2025-04-18 17:23:49,392 INFO: CoffeeCom startup [in C:\Users\LENOVO\Desktop\coffeecom-backend\app\__init__.py:90]
2025-04-18 18:27:06,850 INFO: CoffeeCom startup [in C:\Users\LENOVO\Desktop\coffeecom-backend\app\__init__.py:90]
2025-04-18 18:29:05,779 INFO: CoffeeCom startup [in C:\Users\LENOVO\Desktop\coffeecom-backend\app\__init__.py:90]
2025-04-18 18:29:13,782 INFO: CoffeeCom startup [in C:\Users\LENOVO\Desktop\coffeecom-backend\app\__init__.py:90]
